Log file open, 02/24/23 16:22:02
LogWindows: Failed to load 'aqProf.dll' (GetLastError=126)
LogWindows: File 'aqProf.dll' does not exist
LogWindows: Failed to load 'VtuneApi.dll' (GetLastError=126)
LogWindows: File 'VtuneApi.dll' does not exist
LogWindows: Failed to load 'VtuneApi32e.dll' (GetLastError=126)
LogWindows: File 'VtuneApi32e.dll' does not exist
LogConsoleResponse: Display: Failed to find resolution value strings in scalability ini. Falling back to default.
LogConsoleResponse: Display: Failed to find resolution value strings in scalability ini. Falling back to default.
LogInit: Display: Running engine for game: ThirdPersonGame
LogPlatformFile: Not using cached read wrapper
LogTaskGraph: Started task graph with 5 named threads and 47 total threads with 3 sets of task threads.
LogStats: Stats thread started at 0.212894
LogICUInternationalization: ICU TimeZone Detection - Raw Offset: +0:00, Platform Override: ''
LogInit: Display: Loading text-based GConfig....
LogPluginManager: Mounting plugin MeshPainting
LogPluginManager: Mounting plugin XGEController
LogPluginManager: Mounting plugin Paper2D
LogPluginManager: Mounting plugin LightPropagationVolume
LogPluginManager: Mounting plugin CameraShakePreviewer
LogPluginManager: Mounting plugin GameplayCameras
LogPluginManager: Mounting plugin AISupport
LogPluginManager: Mounting plugin LiveLink
LogPluginManager: Mounting plugin EnvironmentQueryEditor
LogPluginManager: Mounting plugin OodleNetwork
LogPluginManager: Mounting plugin OodleData
LogPluginManager: Mounting plugin AssetManagerEditor
LogPluginManager: Mounting plugin CryptoKeys
LogPluginManager: Mounting plugin CurveEditorTools
LogPluginManager: Mounting plugin DataValidation
LogPluginManager: Mounting plugin GameplayTagsEditor
LogPluginManager: Mounting plugin FacialAnimation
LogPluginManager: Mounting plugin GeometryMode
LogPluginManager: Mounting plugin MacGraphicsSwitching
LogPluginManager: Mounting plugin MaterialAnalyzer
LogPluginManager: Mounting plugin MobileLauncherProfileWizard
LogPluginManager: Mounting plugin PluginBrowser
LogPluginManager: Mounting plugin SpeedTreeImporter
LogPluginManager: Mounting plugin AlembicImporter
LogPluginManager: Mounting plugin DatasmithContent
LogPluginManager: Mounting plugin VariantManagerContent
LogPluginManager: Mounting plugin AutomationUtils
LogPluginManager: Mounting plugin BackChannel
LogPluginManager: Mounting plugin ChaosCloth
LogPluginManager: Mounting plugin ChaosClothEditor
LogPluginManager: Mounting plugin ChaosEditor
LogPluginManager: Mounting plugin ChaosSolverPlugin
LogPluginManager: Mounting plugin ChaosNiagara
LogPluginManager: Mounting plugin CharacterAI
LogPluginManager: Mounting plugin GeometryCache
LogPluginManager: Mounting plugin GeometryProcessing
LogPluginManager: Mounting plugin GeometryCollectionPlugin
LogPluginManager: Mounting plugin OpenImageDenoise
LogPluginManager: Mounting plugin MotoSynth
LogPluginManager: Mounting plugin PlanarCut
LogPluginManager: Mounting plugin PlatformCrypto
LogPluginManager: Mounting plugin ProxyLODPlugin
LogPluginManager: Mounting plugin PythonScriptPlugin
LogPluginManager: Mounting plugin SkeletalReduction
LogPluginManager: Mounting plugin Niagara
LogPluginManager: Mounting plugin MagicLeap
LogPluginManager: Mounting plugin LuminPlatformFeatures
LogPluginManager: Mounting plugin AndroidMedia
LogPluginManager: Mounting plugin AvfMedia
LogPluginManager: Mounting plugin ImgMedia
LogPluginManager: Mounting plugin MediaCompositing
LogPluginManager: Mounting plugin MediaPlayerEditor
LogPluginManager: Mounting plugin WebMMedia
LogPluginManager: Mounting plugin MagicLeapLightEstimation
LogPluginManager: Mounting plugin WmfMedia
LogPluginManager: Mounting plugin MagicLeapMedia
LogPluginManager: Mounting plugin TcpMessaging
LogPluginManager: Mounting plugin UdpMessaging
LogPluginManager: Mounting plugin ActorSequence
LogPluginManager: Mounting plugin MagicLeapPassableWorld
LogPluginManager: Mounting plugin MLSDK
LogPluginManager: Mounting plugin LevelSequenceEditor
LogPluginManager: Mounting plugin MatineeToLevelSequence
LogPluginManager: Mounting plugin TemplateSequence
LogPluginManager: Mounting plugin OnlineSubsystem
LogPluginManager: Mounting plugin ActorLayerUtilities
LogPluginManager: Mounting plugin LauncherChunkInstaller
LogPluginManager: Mounting plugin OnlineSubsystemNull
LogPluginManager: Mounting plugin OnlineSubsystemUtils
LogPluginManager: Mounting plugin AndroidDeviceProfileSelector
LogPluginManager: Mounting plugin AndroidMoviePlayer
LogPluginManager: Mounting plugin AndroidPermission
LogPluginManager: Mounting plugin AppleImageUtils
LogPluginManager: Mounting plugin AppleMoviePlayer
LogPluginManager: Mounting plugin AssetTags
LogPluginManager: Mounting plugin ArchVisCharacter
LogPluginManager: Mounting plugin AudioCapture
LogPluginManager: Mounting plugin AudioSynesthesia
LogPluginManager: Mounting plugin CableComponent
LogPluginManager: Mounting plugin ChunkDownloader
LogPluginManager: Mounting plugin CustomMeshComponent
LogPluginManager: Mounting plugin EditableMesh
LogPluginManager: Mounting plugin ExampleDeviceProfileSelector
LogPluginManager: Mounting plugin GoogleCloudMessaging
LogPluginManager: Mounting plugin GooglePAD
LogPluginManager: Mounting plugin IOSDeviceProfileSelector
LogPluginManager: Mounting plugin LinuxDeviceProfileSelector
LogPluginManager: Mounting plugin LocationServicesBPLibrary
LogPluginManager: Mounting plugin MobilePatchingUtils
LogPluginManager: Mounting plugin OpenXR
LogPluginManager: Mounting plugin OpenXREyeTracker
LogPluginManager: Mounting plugin OpenXRHandTracking
LogPluginManager: Mounting plugin PhysXVehicles
LogPluginManager: Mounting plugin PostSplashScreen
LogPluginManager: Mounting plugin PropertyAccessEditor
LogPluginManager: Mounting plugin ProceduralMeshComponent
LogPluginManager: Mounting plugin RuntimePhysXCooking
LogPluginManager: Mounting plugin SignificanceManager
LogPluginManager: Mounting plugin SoundFields
LogPluginManager: Mounting plugin Synthesis
LogPluginManager: Mounting plugin WebMMoviePlayer
LogPluginManager: Mounting plugin WindowsMoviePlayer
LogPluginManager: Mounting plugin ScreenshotTools
LogPluginManager: Mounting plugin AnimationSharing
LogPluginManager: Mounting plugin CLionSourceCodeAccess
LogPluginManager: Mounting plugin CodeLiteSourceCodeAccess
LogPluginManager: Mounting plugin GitSourceControl
LogPluginManager: Mounting plugin Takes
LogPluginManager: Mounting plugin KDevelopSourceCodeAccess
LogPluginManager: Mounting plugin NullSourceCodeAccess
LogPluginManager: Mounting plugin PerforceSourceControl
LogPluginManager: Mounting plugin PixWinPlugin
LogPluginManager: Mounting plugin PlasticSourceControl
LogPluginManager: Mounting plugin PropertyAccessNode
LogPluginManager: Mounting plugin PluginUtils
LogPluginManager: Mounting plugin SubversionSourceControl
LogPluginManager: Mounting plugin RiderSourceCodeAccess
LogPluginManager: Mounting plugin TextureFormatOodle
LogPluginManager: Mounting plugin UObjectPlugin
LogPluginManager: Mounting plugin VisualStudioCodeSourceCodeAccess
LogPluginManager: Mounting plugin VisualStudioSourceCodeAccess
LogPluginManager: Mounting plugin XCodeSourceCodeAccess
LogPluginManager: Mounting plugin ContentBrowserAssetDataSource
LogPluginManager: Mounting plugin ContentBrowserClassDataSource
LogPluginManager: Mounting plugin ContentBrowserFileDataSource
LogPluginManager: Mounting plugin OnlineSubsystemGooglePlay
LogPluginManager: Mounting plugin OnlineSubsystemIOS
LogPluginManager: Mounting plugin OculusVR
LogPluginManager: Mounting plugin SteamVR
LogInit: Using libcurl 7.55.1-DEV
LogInit:  - built for x86_64-pc-win32
LogInit:  - supports SSL with OpenSSL/1.1.1
LogInit:  - supports HTTP deflate (compression) using libz 1.2.8
LogInit:  - other features:
LogInit:      CURL_VERSION_SSL
LogInit:      CURL_VERSION_LIBZ
LogInit:      CURL_VERSION_IPV6
LogInit:      CURL_VERSION_ASYNCHDNS
LogInit:      CURL_VERSION_LARGEFILE
LogInit:      CURL_VERSION_IDN
LogInit:  CurlRequestOptions (configurable via config and command line):
LogInit:  - bVerifyPeer = true  - Libcurl will verify peer certificate
LogInit:  - bUseHttpProxy = false  - Libcurl will NOT use HTTP proxy
LogInit:  - bDontReuseConnections = false  - Libcurl will reuse connections
LogInit:  - MaxHostConnections = 16  - Libcurl will limit the number of connections to a host
LogInit:  - LocalHostAddr = Default
LogInit:  - BufferSize = 65536
LogOnline: OSS: Creating online subsystem instance for: NULL
LogInit: WinSock: version 1.1 (2.2), MaxSocks=32767, MaxUdp=65467
LogOnline: OSS: TryLoadSubsystemAndSetDefault: Loaded subsystem for module [NULL]
PixWinPlugin: PIX capture plugin failed to initialize! Check that the process is launched from PIX.
LogOculusPluginWrapper: OculusPlugin initialized successfully
LogHMD: Failed initializing OVRPlugin 1.59.0
LogInit: Build: ++UE4+Release-4.27-CL-18319896
LogInit: Engine Version: 4.27.2-18319896+++UE4+Release-4.27
LogInit: Compatible Engine Version: 4.27.0-17155196+++UE4+Release-4.27
LogInit: Net CL: 17155196
LogInit: OS: Windows 10 (Release 2009) (), CPU: AMD Ryzen 7 5800X 8-Core Processor             , GPU: NVIDIA GeForce RTX 3070 Ti
LogInit: Compiled (64-bit): Nov 30 2021 07:12:08
LogInit: Compiled with Visual C++: 19.24.28315.00
LogInit: Build Configuration: Development
LogInit: Branch Name: ++UE4+Release-4.27
LogInit: Command Line:  /Game/Blueprints_Maps/Maps/MainLevel -game -PIEVIACONSOLE -Multiprocess "GameUserSettingsINI=D:/Unreal Engine Projects/Unreal-Engine-TP-Game/ThirdPersonGame/Saved/Config/Windows/PIEGameUserSettings0.ini" -MultiprocessSaveConfig -forcepassthrough -messaging -SessionName="Play in Standalone Game" -windowed -ResX=1280 -ResY=720
LogInit: Base Directory: D:/Unreal Engine 4.27.2/UE_4.27/Engine/Binaries/Win64/
LogInit: Allocator: TBB
LogInit: Installed Engine Build: 1
LogDevObjectVersion: Number of dev versions registered: 29
LogDevObjectVersion:   Dev-Blueprints (B0D832E4-1F89-4F0D-ACCF-7EB736FD4AA2): 10
LogDevObjectVersion:   Dev-Build (E1C64328-A22C-4D53-A36C-8E866417BD8C): 0
LogDevObjectVersion:   Dev-Core (375EC13C-06E4-48FB-B500-84F0262A717E): 4
LogDevObjectVersion:   Dev-Editor (E4B068ED-F494-42E9-A231-DA0B2E46BB41): 40
LogDevObjectVersion:   Dev-Framework (CFFC743F-43B0-4480-9391-14DF171D2073): 37
LogDevObjectVersion:   Dev-Mobile (B02B49B5-BB20-44E9-A304-32B752E40360): 3
LogDevObjectVersion:   Dev-Networking (A4E4105C-59A1-49B5-A7C5-40C4547EDFEE): 0
LogDevObjectVersion:   Dev-Online (39C831C9-5AE6-47DC-9A44-9C173E1C8E7C): 0
LogDevObjectVersion:   Dev-Physics (78F01B33-EBEA-4F98-B9B4-84EACCB95AA2): 14
LogDevObjectVersion:   Dev-Platform (6631380F-2D4D-43E0-8009-CF276956A95A): 0
LogDevObjectVersion:   Dev-Rendering (12F88B9F-8875-4AFC-A67C-D90C383ABD29): 45
LogDevObjectVersion:   Dev-Sequencer (7B5AE74C-D270-4C10-A958-57980B212A5A): 13
LogDevObjectVersion:   Dev-VR (D7296918-1DD6-4BDD-9DE2-64A83CC13884): 3
LogDevObjectVersion:   Dev-LoadTimes (C2A15278-BFE7-4AFE-6C17-90FF531DF755): 1
LogDevObjectVersion:   Private-Geometry (6EACA3D4-40EC-4CC1-B786-8BED09428FC5): 3
LogDevObjectVersion:   Dev-AnimPhys (29E575DD-E0A3-4627-9D10-D276232CDCEA): 17
LogDevObjectVersion:   Dev-Anim (AF43A65D-7FD3-4947-9873-3E8ED9C1BB05): 15
LogDevObjectVersion:   Dev-ReflectionCapture (6B266CEC-1EC7-4B8F-A30B-E4D90942FC07): 1
LogDevObjectVersion:   Dev-Automation (0DF73D61-A23F-47EA-B727-89E90C41499A): 1
LogDevObjectVersion:   FortniteMain (601D1886-AC64-4F84-AA16-D3DE0DEAC7D6): 47
LogDevObjectVersion:   FortniteRelease (E7086368-6B23-4C58-8439-1B7016265E91): 1
LogDevObjectVersion:   Dev-Enterprise (9DFFBCD6-494F-0158-E221-12823C92A888): 10
LogDevObjectVersion:   Dev-Niagara (F2AED0AC-9AFE-416F-8664-AA7FFA26D6FC): 1
LogDevObjectVersion:   Dev-Destruction (174F1F0B-B4C6-45A5-B13F-2EE8D0FB917D): 10
LogDevObjectVersion:   Dev-Physics-Ext (35F94A83-E258-406C-A318-09F59610247C): 41
LogDevObjectVersion:   Dev-PhysicsMaterial-Chaos (B68FC16E-8B1B-42E2-B453-215C058844FE): 1
LogDevObjectVersion:   Dev-CineCamera (B2E18506-4273-CFC2-A54E-F4BB758BBA07): 1
LogDevObjectVersion:   Dev-VirtualProduction (64F58936-FD1B-42BA-BA96-7289D5D0FA4E): 1
LogDevObjectVersion:   Dev-MediaFramework (6F0ED827-A609-4895-9C91-998D90180EA4): 2
LogInit: Presizing for max 25165824 objects, including 0 objects not considered by GC, pre-allocating 0 bytes for permanent pool.
LogConfig: Applying CVar settings from Section [/Script/Engine.StreamingSettings] File [D:/Unreal Engine Projects/Unreal-Engine-TP-Game/ThirdPersonGame/Saved/Config/Windows/Engine.ini]
LogConfig: Setting CVar [[s.MinBulkDataSizeForAsyncLoading:131072]]
LogConfig: Setting CVar [[s.AsyncLoadingThreadEnabled:0]]
LogConfig: Setting CVar [[s.EventDrivenLoaderEnabled:1]]
LogConfig: Setting CVar [[s.WarnIfTimeLimitExceeded:0]]
LogConfig: Setting CVar [[s.TimeLimitExceededMultiplier:1.5]]
LogConfig: Setting CVar [[s.TimeLimitExceededMinTime:0.005]]
LogConfig: Setting CVar [[s.UseBackgroundLevelStreaming:1]]
LogConfig: Setting CVar [[s.PriorityAsyncLoadingExtraTime:15.0]]
LogConfig: Setting CVar [[s.LevelStreamingActorsUpdateTimeLimit:5.0]]
LogConfig: Setting CVar [[s.PriorityLevelStreamingActorsUpdateExtraTime:5.0]]
LogConfig: Setting CVar [[s.LevelStreamingComponentsRegistrationGranularity:10]]
LogConfig: Setting CVar [[s.UnregisterComponentsTimeLimit:1.0]]
LogConfig: Setting CVar [[s.LevelStreamingComponentsUnregistrationGranularity:5]]
LogConfig: Setting CVar [[s.FlushStreamingOnExit:1]]
LogInit: Object subsystem initialized
LogConfig: Setting CVar [[con.DebugEarlyDefault:1]]
LogConfig: Setting CVar [[r.setres:1280x720]]
[2023.02.24-16.22.02:879][  0]LogConfig: Setting CVar [[con.DebugEarlyDefault:1]]
[2023.02.24-16.22.02:879][  0]LogConfig: Setting CVar [[r.setres:1280x720]]
[2023.02.24-16.22.02:879][  0]LogConfig: Applying CVar settings from Section [/Script/Engine.RendererSettings] File [D:/Unreal Engine Projects/Unreal-Engine-TP-Game/ThirdPersonGame/Saved/Config/Windows/Engine.ini]
[2023.02.24-16.22.02:879][  0]LogConfig: Setting CVar [[r.GPUCrashDebugging:0]]
[2023.02.24-16.22.02:879][  0]LogConfig: Applying CVar settings from Section [/Script/Engine.RendererOverrideSettings] File [D:/Unreal Engine Projects/Unreal-Engine-TP-Game/ThirdPersonGame/Saved/Config/Windows/Engine.ini]
[2023.02.24-16.22.02:879][  0]LogConfig: Applying CVar settings from Section [/Script/Engine.StreamingSettings] File [D:/Unreal Engine Projects/Unreal-Engine-TP-Game/ThirdPersonGame/Saved/Config/Windows/Engine.ini]
[2023.02.24-16.22.02:879][  0]LogConfig: Setting CVar [[s.MinBulkDataSizeForAsyncLoading:131072]]
[2023.02.24-16.22.02:879][  0]LogConfig: Setting CVar [[s.AsyncLoadingThreadEnabled:0]]
[2023.02.24-16.22.02:879][  0]LogConfig: Setting CVar [[s.EventDrivenLoaderEnabled:1]]
[2023.02.24-16.22.02:879][  0]LogConfig: Setting CVar [[s.WarnIfTimeLimitExceeded:0]]
[2023.02.24-16.22.02:879][  0]LogConfig: Setting CVar [[s.TimeLimitExceededMultiplier:1.5]]
[2023.02.24-16.22.02:879][  0]LogConfig: Setting CVar [[s.TimeLimitExceededMinTime:0.005]]
[2023.02.24-16.22.02:879][  0]LogConfig: Setting CVar [[s.UseBackgroundLevelStreaming:1]]
[2023.02.24-16.22.02:879][  0]LogConfig: Setting CVar [[s.PriorityAsyncLoadingExtraTime:15.0]]
[2023.02.24-16.22.02:879][  0]LogConfig: Setting CVar [[s.LevelStreamingActorsUpdateTimeLimit:5.0]]
[2023.02.24-16.22.02:879][  0]LogConfig: Setting CVar [[s.PriorityLevelStreamingActorsUpdateExtraTime:5.0]]
[2023.02.24-16.22.02:879][  0]LogConfig: Setting CVar [[s.LevelStreamingComponentsRegistrationGranularity:10]]
[2023.02.24-16.22.02:879][  0]LogConfig: Setting CVar [[s.UnregisterComponentsTimeLimit:1.0]]
[2023.02.24-16.22.02:879][  0]LogConfig: Setting CVar [[s.LevelStreamingComponentsUnregistrationGranularity:5]]
[2023.02.24-16.22.02:879][  0]LogConfig: Setting CVar [[s.FlushStreamingOnExit:1]]
[2023.02.24-16.22.02:879][  0]LogConfig: Applying CVar settings from Section [/Script/Engine.GarbageCollectionSettings] File [D:/Unreal Engine Projects/Unreal-Engine-TP-Game/ThirdPersonGame/Saved/Config/Windows/Engine.ini]
[2023.02.24-16.22.02:879][  0]LogConfig: Setting CVar [[gc.MaxObjectsNotConsideredByGC:1]]
[2023.02.24-16.22.02:879][  0]LogConfig: Setting CVar [[gc.SizeOfPermanentObjectPool:0]]
[2023.02.24-16.22.02:879][  0]LogConfig: Setting CVar [[gc.FlushStreamingOnGC:0]]
[2023.02.24-16.22.02:879][  0]LogConfig: Setting CVar [[gc.NumRetriesBeforeForcingGC:10]]
[2023.02.24-16.22.02:879][  0]LogConfig: Setting CVar [[gc.AllowParallelGC:1]]
[2023.02.24-16.22.02:879][  0]LogConfig: Setting CVar [[gc.TimeBetweenPurgingPendingKillObjects:61.1]]
[2023.02.24-16.22.02:879][  0]LogConfig: Setting CVar [[gc.MaxObjectsInEditor:25165824]]
[2023.02.24-16.22.02:879][  0]LogConfig: Setting CVar [[gc.IncrementalBeginDestroyEnabled:1]]
[2023.02.24-16.22.02:879][  0]LogConfig: Setting CVar [[gc.CreateGCClusters:1]]
[2023.02.24-16.22.02:879][  0]LogConfig: Setting CVar [[gc.MinGCClusterSize:5]]
[2023.02.24-16.22.02:879][  0]LogConfig: Setting CVar [[gc.ActorClusteringEnabled:0]]
[2023.02.24-16.22.02:879][  0]LogConfig: Setting CVar [[gc.BlueprintClusteringEnabled:0]]
[2023.02.24-16.22.02:879][  0]LogConfig: Setting CVar [[gc.UseDisregardForGCOnDedicatedServers:0]]
[2023.02.24-16.22.02:879][  0]LogConfig: Setting CVar [[gc.MultithreadedDestructionEnabled:1]]
[2023.02.24-16.22.02:879][  0]LogConfig: Applying CVar settings from Section [/Script/Engine.NetworkSettings] File [D:/Unreal Engine Projects/Unreal-Engine-TP-Game/ThirdPersonGame/Saved/Config/Windows/Engine.ini]
[2023.02.24-16.22.02:879][  0]LogConfig: Applying CVar settings from Section [/Script/UnrealEd.CookerSettings] File [D:/Unreal Engine Projects/Unreal-Engine-TP-Game/ThirdPersonGame/Saved/Config/Windows/Engine.ini]
[2023.02.24-16.22.02:903][  0]LogConfig: Applying CVar settings from Section [ViewDistanceQuality@3] File [D:/Unreal Engine Projects/Unreal-Engine-TP-Game/ThirdPersonGame/Saved/Config/Windows/Scalability.ini]
[2023.02.24-16.22.02:903][  0]LogConfig: Setting CVar [[r.SkeletalMeshLODBias:0]]
[2023.02.24-16.22.02:903][  0]LogConfig: Setting CVar [[r.ViewDistanceScale:1.0]]
[2023.02.24-16.22.02:903][  0]LogConfig: Applying CVar settings from Section [AntiAliasingQuality@3] File [D:/Unreal Engine Projects/Unreal-Engine-TP-Game/ThirdPersonGame/Saved/Config/Windows/Scalability.ini]
[2023.02.24-16.22.02:903][  0]LogConfig: Setting CVar [[r.PostProcessAAQuality:4]]
[2023.02.24-16.22.02:903][  0]LogConfig: Applying CVar settings from Section [ShadowQuality@3] File [D:/Unreal Engine Projects/Unreal-Engine-TP-Game/ThirdPersonGame/Saved/Config/Windows/Scalability.ini]
[2023.02.24-16.22.02:903][  0]LogConfig: Setting CVar [[r.LightFunctionQuality:1]]
[2023.02.24-16.22.02:903][  0]LogConfig: Setting CVar [[r.ShadowQuality:5]]
[2023.02.24-16.22.02:903][  0]LogConfig: Setting CVar [[r.Shadow.CSM.MaxCascades:10]]
[2023.02.24-16.22.02:903][  0]LogConfig: Setting CVar [[r.Shadow.MaxResolution:2048]]
[2023.02.24-16.22.02:903][  0]LogConfig: Setting CVar [[r.Shadow.MaxCSMResolution:2048]]
[2023.02.24-16.22.02:903][  0]LogConfig: Setting CVar [[r.Shadow.RadiusThreshold:0.01]]
[2023.02.24-16.22.02:903][  0]LogConfig: Setting CVar [[r.Shadow.DistanceScale:1.0]]
[2023.02.24-16.22.02:903][  0]LogConfig: Setting CVar [[r.Shadow.CSM.TransitionScale:1.0]]
[2023.02.24-16.22.02:903][  0]LogConfig: Setting CVar [[r.Shadow.PreShadowResolutionFactor:1.0]]
[2023.02.24-16.22.02:903][  0]LogConfig: Setting CVar [[r.DistanceFieldShadowing:1]]
[2023.02.24-16.22.02:903][  0]LogConfig: Setting CVar [[r.DistanceFieldAO:1]]
[2023.02.24-16.22.02:903][  0]LogConfig: Setting CVar [[r.AOQuality:2]]
[2023.02.24-16.22.02:903][  0]LogConfig: Setting CVar [[r.VolumetricFog:1]]
[2023.02.24-16.22.02:903][  0]LogConfig: Setting CVar [[r.VolumetricFog.GridPixelSize:8]]
[2023.02.24-16.22.02:903][  0]LogConfig: Setting CVar [[r.VolumetricFog.GridSizeZ:128]]
[2023.02.24-16.22.02:903][  0]LogConfig: Setting CVar [[r.VolumetricFog.HistoryMissSupersampleCount:4]]
[2023.02.24-16.22.02:903][  0]LogConfig: Setting CVar [[r.LightMaxDrawDistanceScale:1]]
[2023.02.24-16.22.02:903][  0]LogConfig: Setting CVar [[r.CapsuleShadows:1]]
[2023.02.24-16.22.02:903][  0]LogConfig: Applying CVar settings from Section [PostProcessQuality@3] File [D:/Unreal Engine Projects/Unreal-Engine-TP-Game/ThirdPersonGame/Saved/Config/Windows/Scalability.ini]
[2023.02.24-16.22.02:903][  0]LogConfig: Setting CVar [[r.MotionBlurQuality:4]]
[2023.02.24-16.22.02:903][  0]LogConfig: Setting CVar [[r.AmbientOcclusionMipLevelFactor:0.4]]
[2023.02.24-16.22.02:903][  0]LogConfig: Setting CVar [[r.AmbientOcclusionMaxQuality:100]]
[2023.02.24-16.22.02:903][  0]LogConfig: Setting CVar [[r.AmbientOcclusionLevels:-1]]
[2023.02.24-16.22.02:903][  0]LogConfig: Setting CVar [[r.AmbientOcclusionRadiusScale:1.0]]
[2023.02.24-16.22.02:903][  0]LogConfig: Setting CVar [[r.DepthOfFieldQuality:2]]
[2023.02.24-16.22.02:903][  0]LogConfig: Setting CVar [[r.RenderTargetPoolMin:400]]
[2023.02.24-16.22.02:903][  0]LogConfig: Setting CVar [[r.LensFlareQuality:2]]
[2023.02.24-16.22.02:903][  0]LogConfig: Setting CVar [[r.SceneColorFringeQuality:1]]
[2023.02.24-16.22.02:903][  0]LogConfig: Setting CVar [[r.EyeAdaptationQuality:2]]
[2023.02.24-16.22.02:903][  0]LogConfig: Setting CVar [[r.BloomQuality:5]]
[2023.02.24-16.22.02:903][  0]LogConfig: Setting CVar [[r.FastBlurThreshold:100]]
[2023.02.24-16.22.02:903][  0]LogConfig: Setting CVar [[r.Upscale.Quality:3]]
[2023.02.24-16.22.02:903][  0]LogConfig: Setting CVar [[r.Tonemapper.GrainQuantization:1]]
[2023.02.24-16.22.02:903][  0]LogConfig: Setting CVar [[r.LightShaftQuality:1]]
[2023.02.24-16.22.02:904][  0]LogConfig: Setting CVar [[r.Filter.SizeScale:1]]
[2023.02.24-16.22.02:904][  0]LogConfig: Setting CVar [[r.Tonemapper.Quality:5]]
[2023.02.24-16.22.02:904][  0]LogConfig: Setting CVar [[r.DOF.Gather.AccumulatorQuality:1        ; higher gathering accumulator quality]]
[2023.02.24-16.22.02:904][  0]LogConfig: Setting CVar [[r.DOF.Gather.PostfilterMethod:1          ; Median3x3 postfilering method]]
[2023.02.24-16.22.02:904][  0]LogConfig: Setting CVar [[r.DOF.Gather.EnableBokehSettings:0       ; no bokeh simulation when gathering]]
[2023.02.24-16.22.02:904][  0]LogConfig: Setting CVar [[r.DOF.Gather.RingCount:4                 ; medium number of samples when gathering]]
[2023.02.24-16.22.02:904][  0]LogConfig: Setting CVar [[r.DOF.Scatter.ForegroundCompositing:1    ; additive foreground scattering]]
[2023.02.24-16.22.02:904][  0]LogConfig: Setting CVar [[r.DOF.Scatter.BackgroundCompositing:2    ; additive background scattering]]
[2023.02.24-16.22.02:904][  0]LogConfig: Setting CVar [[r.DOF.Scatter.EnableBokehSettings:1      ; bokeh simulation when scattering]]
[2023.02.24-16.22.02:904][  0]LogConfig: Setting CVar [[r.DOF.Scatter.MaxSpriteRatio:0.1         ; only a maximum of 10% of scattered bokeh]]
[2023.02.24-16.22.02:904][  0]LogConfig: Setting CVar [[r.DOF.Recombine.Quality:1                ; cheap slight out of focus]]
[2023.02.24-16.22.02:904][  0]LogConfig: Setting CVar [[r.DOF.Recombine.EnableBokehSettings:0    ; no bokeh simulation on slight out of focus]]
[2023.02.24-16.22.02:904][  0]LogConfig: Setting CVar [[r.DOF.TemporalAAQuality:1                ; more stable temporal accumulation]]
[2023.02.24-16.22.02:904][  0]LogConfig: Setting CVar [[r.DOF.Kernel.MaxForegroundRadius:0.025]]
[2023.02.24-16.22.02:904][  0]LogConfig: Setting CVar [[r.DOF.Kernel.MaxBackgroundRadius:0.025]]
[2023.02.24-16.22.02:904][  0]LogConfig: Applying CVar settings from Section [TextureQuality@3] File [D:/Unreal Engine Projects/Unreal-Engine-TP-Game/ThirdPersonGame/Saved/Config/Windows/Scalability.ini]
[2023.02.24-16.22.02:904][  0]LogConfig: Setting CVar [[r.Streaming.MipBias:0]]
[2023.02.24-16.22.02:904][  0]LogConfig: Setting CVar [[r.Streaming.AmortizeCPUToGPUCopy:0]]
[2023.02.24-16.22.02:904][  0]LogConfig: Setting CVar [[r.Streaming.MaxNumTexturesToStreamPerFrame:0]]
[2023.02.24-16.22.02:904][  0]LogConfig: Setting CVar [[r.Streaming.Boost:1]]
[2023.02.24-16.22.02:904][  0]LogConfig: Setting CVar [[r.MaxAnisotropy:8]]
[2023.02.24-16.22.02:904][  0]LogConfig: Setting CVar [[r.VT.MaxAnisotropy:8]]
[2023.02.24-16.22.02:904][  0]LogConfig: Setting CVar [[r.Streaming.LimitPoolSizeToVRAM:0]]
[2023.02.24-16.22.02:904][  0]LogConfig: Setting CVar [[r.Streaming.PoolSize:1000]]
[2023.02.24-16.22.02:904][  0]LogConfig: Setting CVar [[r.Streaming.MaxEffectiveScreenSize:0]]
[2023.02.24-16.22.02:904][  0]LogConfig: Applying CVar settings from Section [EffectsQuality@3] File [D:/Unreal Engine Projects/Unreal-Engine-TP-Game/ThirdPersonGame/Saved/Config/Windows/Scalability.ini]
[2023.02.24-16.22.02:904][  0]LogConfig: Setting CVar [[r.TranslucencyLightingVolumeDim:64]]
[2023.02.24-16.22.02:904][  0]LogConfig: Setting CVar [[r.RefractionQuality:2]]
[2023.02.24-16.22.02:904][  0]LogConfig: Setting CVar [[r.SSR.Quality:3]]
[2023.02.24-16.22.02:904][  0]LogConfig: Setting CVar [[r.SSR.HalfResSceneColor:0]]
[2023.02.24-16.22.02:904][  0]LogConfig: Setting CVar [[r.SceneColorFormat:4]]
[2023.02.24-16.22.02:904][  0]LogConfig: Setting CVar [[r.DetailMode:2]]
[2023.02.24-16.22.02:904][  0]LogConfig: Setting CVar [[r.TranslucencyVolumeBlur:1]]
[2023.02.24-16.22.02:904][  0]LogConfig: Setting CVar [[r.MaterialQualityLevel:1 ; High quality]]
[2023.02.24-16.22.02:904][  0]LogConfig: Setting CVar [[r.AnisotropicMaterials:1]]
[2023.02.24-16.22.02:904][  0]LogConfig: Setting CVar [[r.SSS.Scale:1]]
[2023.02.24-16.22.02:904][  0]LogConfig: Setting CVar [[r.SSS.SampleSet:2]]
[2023.02.24-16.22.02:904][  0]LogConfig: Setting CVar [[r.SSS.Quality:1]]
[2023.02.24-16.22.02:904][  0]LogConfig: Setting CVar [[r.SSS.HalfRes:0]]
[2023.02.24-16.22.02:904][  0]LogConfig: Setting CVar [[r.SSGI.Quality:3]]
[2023.02.24-16.22.02:904][  0]LogConfig: Setting CVar [[r.EmitterSpawnRateScale:1.0]]
[2023.02.24-16.22.02:904][  0]LogConfig: Setting CVar [[r.ParticleLightQuality:2]]
[2023.02.24-16.22.02:904][  0]LogConfig: Setting CVar [[r.SkyAtmosphere.AerialPerspectiveLUT.FastApplyOnOpaque:1 ; Always have FastSkyLUT 1 in this case to avoid wrong sky]]
[2023.02.24-16.22.02:904][  0]LogConfig: Setting CVar [[r.SkyAtmosphere.AerialPerspectiveLUT.SampleCountMaxPerSlice:4]]
[2023.02.24-16.22.02:904][  0]LogConfig: Setting CVar [[r.SkyAtmosphere.AerialPerspectiveLUT.DepthResolution:16.0]]
[2023.02.24-16.22.02:904][  0]LogConfig: Setting CVar [[r.SkyAtmosphere.FastSkyLUT:1]]
[2023.02.24-16.22.02:904][  0]LogConfig: Setting CVar [[r.SkyAtmosphere.FastSkyLUT.SampleCountMin:4.0]]
[2023.02.24-16.22.02:904][  0]LogConfig: Setting CVar [[r.SkyAtmosphere.FastSkyLUT.SampleCountMax:128.0]]
[2023.02.24-16.22.02:904][  0]LogConfig: Setting CVar [[r.SkyAtmosphere.SampleCountMin:4.0]]
[2023.02.24-16.22.02:904][  0]LogConfig: Setting CVar [[r.SkyAtmosphere.SampleCountMax:128.0]]
[2023.02.24-16.22.02:904][  0]LogConfig: Setting CVar [[r.SkyAtmosphere.TransmittanceLUT.UseSmallFormat:0]]
[2023.02.24-16.22.02:904][  0]LogConfig: Setting CVar [[r.SkyAtmosphere.TransmittanceLUT.SampleCount:10.0]]
[2023.02.24-16.22.02:904][  0]LogConfig: Setting CVar [[r.SkyAtmosphere.MultiScatteringLUT.SampleCount:15.0]]
[2023.02.24-16.22.02:904][  0]LogConfig: Setting CVar [[r.SkyLight.RealTimeReflectionCapture:1]]
[2023.02.24-16.22.02:904][  0]LogConfig: Applying CVar settings from Section [FoliageQuality@3] File [D:/Unreal Engine Projects/Unreal-Engine-TP-Game/ThirdPersonGame/Saved/Config/Windows/Scalability.ini]
[2023.02.24-16.22.02:904][  0]LogConfig: Setting CVar [[foliage.DensityScale:1.0]]
[2023.02.24-16.22.02:904][  0]LogConfig: Setting CVar [[grass.DensityScale:1.0]]
[2023.02.24-16.22.02:904][  0]LogConfig: Applying CVar settings from Section [ShadingQuality@3] File [D:/Unreal Engine Projects/Unreal-Engine-TP-Game/ThirdPersonGame/Saved/Config/Windows/Scalability.ini]
[2023.02.24-16.22.02:904][  0]LogConfig: Setting CVar [[r.HairStrands.SkyLighting.IntegrationType:2]]
[2023.02.24-16.22.02:904][  0]LogConfig: Setting CVar [[r.HairStrands.SkyAO.SampleCount:4]]
[2023.02.24-16.22.02:904][  0]LogConfig: Setting CVar [[r.HairStrands.Visibility.MSAA.SamplePerPixel:4]]
[2023.02.24-16.22.02:904][  0]LogInit: Selected Device Profile: [Windows]
[2023.02.24-16.22.02:904][  0]LogInit: Applying CVar settings loaded from the selected device profile: [Windows]
[2023.02.24-16.22.02:904][  0]LogHAL: Display: Platform has ~ 16 GB [17082515456 / 17179869184 / 16], which maps to Larger [LargestMinGB=32, LargerMinGB=12, DefaultMinGB=8, SmallerMinGB=6, SmallestMinGB=0)
[2023.02.24-16.22.02:904][  0]LogInit: Going up to parent DeviceProfile []
[2023.02.24-16.22.02:904][  0]LogConfig: Applying CVar settings from Section [ViewDistanceQuality@3] File [D:/Unreal Engine Projects/Unreal-Engine-TP-Game/ThirdPersonGame/Saved/Config/Windows/Scalability.ini]
[2023.02.24-16.22.02:904][  0]LogConfig: Setting CVar [[r.SkeletalMeshLODBias:0]]
[2023.02.24-16.22.02:904][  0]LogConfig: Setting CVar [[r.ViewDistanceScale:1.0]]
[2023.02.24-16.22.02:904][  0]LogConfig: Applying CVar settings from Section [AntiAliasingQuality@3] File [D:/Unreal Engine Projects/Unreal-Engine-TP-Game/ThirdPersonGame/Saved/Config/Windows/Scalability.ini]
[2023.02.24-16.22.02:904][  0]LogConfig: Setting CVar [[r.PostProcessAAQuality:4]]
[2023.02.24-16.22.02:904][  0]LogConfig: Applying CVar settings from Section [ShadowQuality@3] File [D:/Unreal Engine Projects/Unreal-Engine-TP-Game/ThirdPersonGame/Saved/Config/Windows/Scalability.ini]
[2023.02.24-16.22.02:904][  0]LogConfig: Setting CVar [[r.LightFunctionQuality:1]]
[2023.02.24-16.22.02:904][  0]LogConfig: Setting CVar [[r.ShadowQuality:5]]
[2023.02.24-16.22.02:904][  0]LogConfig: Setting CVar [[r.Shadow.CSM.MaxCascades:10]]
[2023.02.24-16.22.02:904][  0]LogConfig: Setting CVar [[r.Shadow.MaxResolution:2048]]
[2023.02.24-16.22.02:904][  0]LogConfig: Setting CVar [[r.Shadow.MaxCSMResolution:2048]]
[2023.02.24-16.22.02:904][  0]LogConfig: Setting CVar [[r.Shadow.RadiusThreshold:0.01]]
[2023.02.24-16.22.02:904][  0]LogConfig: Setting CVar [[r.Shadow.DistanceScale:1.0]]
[2023.02.24-16.22.02:904][  0]LogConfig: Setting CVar [[r.Shadow.CSM.TransitionScale:1.0]]
[2023.02.24-16.22.02:904][  0]LogConfig: Setting CVar [[r.Shadow.PreShadowResolutionFactor:1.0]]
[2023.02.24-16.22.02:904][  0]LogConfig: Setting CVar [[r.DistanceFieldShadowing:1]]
[2023.02.24-16.22.02:904][  0]LogConfig: Setting CVar [[r.DistanceFieldAO:1]]
[2023.02.24-16.22.02:904][  0]LogConfig: Setting CVar [[r.AOQuality:2]]
[2023.02.24-16.22.02:904][  0]LogConfig: Setting CVar [[r.VolumetricFog:1]]
[2023.02.24-16.22.02:904][  0]LogConfig: Setting CVar [[r.VolumetricFog.GridPixelSize:8]]
[2023.02.24-16.22.02:904][  0]LogConfig: Setting CVar [[r.VolumetricFog.GridSizeZ:128]]
[2023.02.24-16.22.02:904][  0]LogConfig: Setting CVar [[r.VolumetricFog.HistoryMissSupersampleCount:4]]
[2023.02.24-16.22.02:904][  0]LogConfig: Setting CVar [[r.LightMaxDrawDistanceScale:1]]
[2023.02.24-16.22.02:904][  0]LogConfig: Setting CVar [[r.CapsuleShadows:1]]
[2023.02.24-16.22.02:904][  0]LogConfig: Applying CVar settings from Section [PostProcessQuality@3] File [D:/Unreal Engine Projects/Unreal-Engine-TP-Game/ThirdPersonGame/Saved/Config/Windows/Scalability.ini]
[2023.02.24-16.22.02:905][  0]LogConfig: Setting CVar [[r.MotionBlurQuality:4]]
[2023.02.24-16.22.02:905][  0]LogConfig: Setting CVar [[r.AmbientOcclusionMipLevelFactor:0.4]]
[2023.02.24-16.22.02:905][  0]LogConfig: Setting CVar [[r.AmbientOcclusionMaxQuality:100]]
[2023.02.24-16.22.02:905][  0]LogConfig: Setting CVar [[r.AmbientOcclusionLevels:-1]]
[2023.02.24-16.22.02:905][  0]LogConfig: Setting CVar [[r.AmbientOcclusionRadiusScale:1.0]]
[2023.02.24-16.22.02:905][  0]LogConfig: Setting CVar [[r.DepthOfFieldQuality:2]]
[2023.02.24-16.22.02:905][  0]LogConfig: Setting CVar [[r.RenderTargetPoolMin:400]]
[2023.02.24-16.22.02:905][  0]LogConfig: Setting CVar [[r.LensFlareQuality:2]]
[2023.02.24-16.22.02:905][  0]LogConfig: Setting CVar [[r.SceneColorFringeQuality:1]]
[2023.02.24-16.22.02:905][  0]LogConfig: Setting CVar [[r.EyeAdaptationQuality:2]]
[2023.02.24-16.22.02:905][  0]LogConfig: Setting CVar [[r.BloomQuality:5]]
[2023.02.24-16.22.02:905][  0]LogConfig: Setting CVar [[r.FastBlurThreshold:100]]
[2023.02.24-16.22.02:905][  0]LogConfig: Setting CVar [[r.Upscale.Quality:3]]
[2023.02.24-16.22.02:905][  0]LogConfig: Setting CVar [[r.Tonemapper.GrainQuantization:1]]
[2023.02.24-16.22.02:905][  0]LogConfig: Setting CVar [[r.LightShaftQuality:1]]
[2023.02.24-16.22.02:905][  0]LogConfig: Setting CVar [[r.Filter.SizeScale:1]]
[2023.02.24-16.22.02:905][  0]LogConfig: Setting CVar [[r.Tonemapper.Quality:5]]
[2023.02.24-16.22.02:905][  0]LogConfig: Setting CVar [[r.DOF.Gather.AccumulatorQuality:1        ; higher gathering accumulator quality]]
[2023.02.24-16.22.02:905][  0]LogConfig: Setting CVar [[r.DOF.Gather.PostfilterMethod:1          ; Median3x3 postfilering method]]
[2023.02.24-16.22.02:905][  0]LogConfig: Setting CVar [[r.DOF.Gather.EnableBokehSettings:0       ; no bokeh simulation when gathering]]
[2023.02.24-16.22.02:905][  0]LogConfig: Setting CVar [[r.DOF.Gather.RingCount:4                 ; medium number of samples when gathering]]
[2023.02.24-16.22.02:905][  0]LogConfig: Setting CVar [[r.DOF.Scatter.ForegroundCompositing:1    ; additive foreground scattering]]
[2023.02.24-16.22.02:905][  0]LogConfig: Setting CVar [[r.DOF.Scatter.BackgroundCompositing:2    ; additive background scattering]]
[2023.02.24-16.22.02:905][  0]LogConfig: Setting CVar [[r.DOF.Scatter.EnableBokehSettings:1      ; bokeh simulation when scattering]]
[2023.02.24-16.22.02:905][  0]LogConfig: Setting CVar [[r.DOF.Scatter.MaxSpriteRatio:0.1         ; only a maximum of 10% of scattered bokeh]]
[2023.02.24-16.22.02:905][  0]LogConfig: Setting CVar [[r.DOF.Recombine.Quality:1                ; cheap slight out of focus]]
[2023.02.24-16.22.02:905][  0]LogConfig: Setting CVar [[r.DOF.Recombine.EnableBokehSettings:0    ; no bokeh simulation on slight out of focus]]
[2023.02.24-16.22.02:905][  0]LogConfig: Setting CVar [[r.DOF.TemporalAAQuality:1                ; more stable temporal accumulation]]
[2023.02.24-16.22.02:905][  0]LogConfig: Setting CVar [[r.DOF.Kernel.MaxForegroundRadius:0.025]]
[2023.02.24-16.22.02:905][  0]LogConfig: Setting CVar [[r.DOF.Kernel.MaxBackgroundRadius:0.025]]
[2023.02.24-16.22.02:905][  0]LogConfig: Applying CVar settings from Section [TextureQuality@3] File [D:/Unreal Engine Projects/Unreal-Engine-TP-Game/ThirdPersonGame/Saved/Config/Windows/Scalability.ini]
[2023.02.24-16.22.02:905][  0]LogConfig: Setting CVar [[r.Streaming.MipBias:0]]
[2023.02.24-16.22.02:905][  0]LogConfig: Setting CVar [[r.Streaming.AmortizeCPUToGPUCopy:0]]
[2023.02.24-16.22.02:905][  0]LogConfig: Setting CVar [[r.Streaming.MaxNumTexturesToStreamPerFrame:0]]
[2023.02.24-16.22.02:905][  0]LogConfig: Setting CVar [[r.Streaming.Boost:1]]
[2023.02.24-16.22.02:905][  0]LogConfig: Setting CVar [[r.MaxAnisotropy:8]]
[2023.02.24-16.22.02:905][  0]LogConfig: Setting CVar [[r.VT.MaxAnisotropy:8]]
[2023.02.24-16.22.02:905][  0]LogConfig: Setting CVar [[r.Streaming.LimitPoolSizeToVRAM:0]]
[2023.02.24-16.22.02:905][  0]LogConfig: Setting CVar [[r.Streaming.PoolSize:1000]]
[2023.02.24-16.22.02:905][  0]LogConfig: Setting CVar [[r.Streaming.MaxEffectiveScreenSize:0]]
[2023.02.24-16.22.02:905][  0]LogConfig: Applying CVar settings from Section [EffectsQuality@3] File [D:/Unreal Engine Projects/Unreal-Engine-TP-Game/ThirdPersonGame/Saved/Config/Windows/Scalability.ini]
[2023.02.24-16.22.02:905][  0]LogConfig: Setting CVar [[r.TranslucencyLightingVolumeDim:64]]
[2023.02.24-16.22.02:905][  0]LogConfig: Setting CVar [[r.RefractionQuality:2]]
[2023.02.24-16.22.02:905][  0]LogConfig: Setting CVar [[r.SSR.Quality:3]]
[2023.02.24-16.22.02:905][  0]LogConfig: Setting CVar [[r.SSR.HalfResSceneColor:0]]
[2023.02.24-16.22.02:905][  0]LogConfig: Setting CVar [[r.SceneColorFormat:4]]
[2023.02.24-16.22.02:905][  0]LogConfig: Setting CVar [[r.DetailMode:2]]
[2023.02.24-16.22.02:905][  0]LogConfig: Setting CVar [[r.TranslucencyVolumeBlur:1]]
[2023.02.24-16.22.02:905][  0]LogConfig: Setting CVar [[r.MaterialQualityLevel:1 ; High quality]]
[2023.02.24-16.22.02:905][  0]LogConfig: Setting CVar [[r.AnisotropicMaterials:1]]
[2023.02.24-16.22.02:905][  0]LogConfig: Setting CVar [[r.SSS.Scale:1]]
[2023.02.24-16.22.02:905][  0]LogConfig: Setting CVar [[r.SSS.SampleSet:2]]
[2023.02.24-16.22.02:905][  0]LogConfig: Setting CVar [[r.SSS.Quality:1]]
[2023.02.24-16.22.02:905][  0]LogConfig: Setting CVar [[r.SSS.HalfRes:0]]
[2023.02.24-16.22.02:905][  0]LogConfig: Setting CVar [[r.SSGI.Quality:3]]
[2023.02.24-16.22.02:905][  0]LogConfig: Setting CVar [[r.EmitterSpawnRateScale:1.0]]
[2023.02.24-16.22.02:905][  0]LogConfig: Setting CVar [[r.ParticleLightQuality:2]]
[2023.02.24-16.22.02:905][  0]LogConfig: Setting CVar [[r.SkyAtmosphere.AerialPerspectiveLUT.FastApplyOnOpaque:1 ; Always have FastSkyLUT 1 in this case to avoid wrong sky]]
[2023.02.24-16.22.02:905][  0]LogConfig: Setting CVar [[r.SkyAtmosphere.AerialPerspectiveLUT.SampleCountMaxPerSlice:4]]
[2023.02.24-16.22.02:905][  0]LogConfig: Setting CVar [[r.SkyAtmosphere.AerialPerspectiveLUT.DepthResolution:16.0]]
[2023.02.24-16.22.02:905][  0]LogConfig: Setting CVar [[r.SkyAtmosphere.FastSkyLUT:1]]
[2023.02.24-16.22.02:905][  0]LogConfig: Setting CVar [[r.SkyAtmosphere.FastSkyLUT.SampleCountMin:4.0]]
[2023.02.24-16.22.02:905][  0]LogConfig: Setting CVar [[r.SkyAtmosphere.FastSkyLUT.SampleCountMax:128.0]]
[2023.02.24-16.22.02:905][  0]LogConfig: Setting CVar [[r.SkyAtmosphere.SampleCountMin:4.0]]
[2023.02.24-16.22.02:905][  0]LogConfig: Setting CVar [[r.SkyAtmosphere.SampleCountMax:128.0]]
[2023.02.24-16.22.02:905][  0]LogConfig: Setting CVar [[r.SkyAtmosphere.TransmittanceLUT.UseSmallFormat:0]]
[2023.02.24-16.22.02:905][  0]LogConfig: Setting CVar [[r.SkyAtmosphere.TransmittanceLUT.SampleCount:10.0]]
[2023.02.24-16.22.02:905][  0]LogConfig: Setting CVar [[r.SkyAtmosphere.MultiScatteringLUT.SampleCount:15.0]]
[2023.02.24-16.22.02:905][  0]LogConfig: Setting CVar [[r.SkyLight.RealTimeReflectionCapture:1]]
[2023.02.24-16.22.02:905][  0]LogConfig: Applying CVar settings from Section [FoliageQuality@3] File [D:/Unreal Engine Projects/Unreal-Engine-TP-Game/ThirdPersonGame/Saved/Config/Windows/Scalability.ini]
[2023.02.24-16.22.02:905][  0]LogConfig: Setting CVar [[foliage.DensityScale:1.0]]
[2023.02.24-16.22.02:905][  0]LogConfig: Setting CVar [[grass.DensityScale:1.0]]
[2023.02.24-16.22.02:905][  0]LogConfig: Applying CVar settings from Section [ShadingQuality@3] File [D:/Unreal Engine Projects/Unreal-Engine-TP-Game/ThirdPersonGame/Saved/Config/Windows/Scalability.ini]
[2023.02.24-16.22.02:905][  0]LogConfig: Setting CVar [[r.HairStrands.SkyLighting.IntegrationType:2]]
[2023.02.24-16.22.02:905][  0]LogConfig: Setting CVar [[r.HairStrands.SkyAO.SampleCount:4]]
[2023.02.24-16.22.02:905][  0]LogConfig: Setting CVar [[r.HairStrands.Visibility.MSAA.SamplePerPixel:4]]
[2023.02.24-16.22.02:905][  0]LogConfig: Applying CVar settings from Section [Startup] File [../../../Engine/Config/ConsoleVariables.ini]
[2023.02.24-16.22.02:905][  0]LogConfig: Setting CVar [[net.UseAdaptiveNetUpdateFrequency:0]]
[2023.02.24-16.22.02:906][  0]LogConfig: Setting CVar [[p.chaos.AllowCreatePhysxBodies:1]]
[2023.02.24-16.22.02:906][  0]LogConfig: Setting CVar [[fx.SkipVectorVMBackendOptimizations:1]]
[2023.02.24-16.22.02:906][  0]LogConfig: Applying CVar settings from Section [ConsoleVariables] File [D:/Unreal Engine Projects/Unreal-Engine-TP-Game/ThirdPersonGame/Saved/Config/Windows/Engine.ini]
[2023.02.24-16.22.02:906][  0]LogConfig: Applying CVar settings from Section [ConsoleVariables] File [D:/Unreal Engine Projects/Unreal-Engine-TP-Game/ThirdPersonGame/Saved/Config/Windows/Editor.ini]
[2023.02.24-16.22.02:906][  0]LogInit: Computer: DESKTOP-I13HMQJ
[2023.02.24-16.22.02:906][  0]LogInit: User: brand
[2023.02.24-16.22.02:906][  0]LogInit: CPU Page size=4096, Cores=8
[2023.02.24-16.22.02:906][  0]LogInit: High frequency timer resolution =10.000000 MHz
[2023.02.24-16.22.02:906][  0]LogMemory: Memory total: Physical=15.9GB (16GB approx)
[2023.02.24-16.22.02:906][  0]LogMemory: Platform Memory Stats for Windows
[2023.02.24-16.22.02:906][  0]LogMemory: Process Physical Memory: 148.61 MB used, 148.61 MB peak
[2023.02.24-16.22.02:906][  0]LogMemory: Process Virtual Memory: 123.21 MB used, 123.21 MB peak
[2023.02.24-16.22.02:906][  0]LogMemory: Physical Memory: 8204.99 MB used,  8086.17 MB free, 16291.16 MB total
[2023.02.24-16.22.02:906][  0]LogMemory: Virtual Memory: 134213192.00 MB used,  4532.80 MB free, 134217728.00 MB total
[2023.02.24-16.22.02:910][  0]LogWindows: WindowsPlatformFeatures enabled
[2023.02.24-16.22.02:945][  0]LogInit: Physics initialised using underlying interface: PhysX
[2023.02.24-16.22.02:946][  0]LogInit: Using OS detected language (en-GB).
[2023.02.24-16.22.02:946][  0]LogInit: Using OS detected locale (en-GB).
[2023.02.24-16.22.02:948][  0]LogTextLocalizationManager: No specific localization for 'en-GB' exists, so the 'en' localization will be used.
[2023.02.24-16.22.03:078][  0]LogWindowsTextInputMethodSystem: Display: IME system deactivated.
[2023.02.24-16.22.03:115][  0]LogSlate: New Slate User Created.  User Index 0, Is Virtual User: 0
[2023.02.24-16.22.03:115][  0]LogSlate: Slate User Registered.  User Index 0, Is Virtual User: 0
[2023.02.24-16.22.03:143][  0]LogD3D11RHI: Loaded GFSDK_Aftermath_Lib.x64.dll
[2023.02.24-16.22.03:145][  0]LogHMD: Failed to initialize OpenVR with code 110
[2023.02.24-16.22.03:145][  0]LogD3D11RHI: D3D11 min allowed feature level: 11_0
[2023.02.24-16.22.03:145][  0]LogD3D11RHI: D3D11 max allowed feature level: 11_0
[2023.02.24-16.22.03:145][  0]LogD3D11RHI: D3D11 adapters:
[2023.02.24-16.22.03:232][  0]LogD3D11RHI:    0. 'NVIDIA GeForce RTX 3070 Ti' (Feature Level 11_0)
[2023.02.24-16.22.03:232][  0]LogD3D11RHI:       8031/0/8145 MB DedicatedVideo/DedicatedSystem/SharedSystem, Outputs:2, VendorId:0x10de
[2023.02.24-16.22.03:233][  0]LogD3D11RHI:    1. 'Microsoft Basic Render Driver' (Feature Level 11_0)
[2023.02.24-16.22.03:233][  0]LogD3D11RHI:       0/0/8145 MB DedicatedVideo/DedicatedSystem/SharedSystem, Outputs:0, VendorId:0x1414
[2023.02.24-16.22.03:233][  0]LogD3D11RHI: Chosen D3D11 Adapter:
[2023.02.24-16.22.03:233][  0]LogD3D11RHI:     Description : NVIDIA GeForce RTX 3070 Ti
[2023.02.24-16.22.03:233][  0]LogD3D11RHI:     VendorId    : 10de
[2023.02.24-16.22.03:233][  0]LogD3D11RHI:     DeviceId    : 2482
[2023.02.24-16.22.03:233][  0]LogD3D11RHI:     SubSysId    : 50521462
[2023.02.24-16.22.03:233][  0]LogD3D11RHI:     Revision    : 00a1
[2023.02.24-16.22.03:233][  0]LogD3D11RHI:     DedicatedVideoMemory : 8421113856 bytes
[2023.02.24-16.22.03:233][  0]LogD3D11RHI:     DedicatedSystemMemory : 0 bytes
[2023.02.24-16.22.03:233][  0]LogD3D11RHI:     SharedSystemMemory : 8541257728 bytes
[2023.02.24-16.22.03:233][  0]LogD3D11RHI:     AdapterLuid : 0 70074
[2023.02.24-16.22.03:239][  0]LogD3D11RHI: Creating new Direct3DDevice
[2023.02.24-16.22.03:239][  0]LogD3D11RHI:     GPU DeviceId: 0x2482 (for the marketing name, search the web for "GPU Device Id")
[2023.02.24-16.22.03:239][  0]LogWindows: EnumDisplayDevices:
[2023.02.24-16.22.03:239][  0]LogWindows:    0. 'NVIDIA GeForce RTX 3070 Ti' (P:1 D:1)
[2023.02.24-16.22.03:239][  0]LogWindows:    1. 'NVIDIA GeForce RTX 3070 Ti' (P:0 D:1)
[2023.02.24-16.22.03:239][  0]LogWindows:    2. 'NVIDIA GeForce RTX 3070 Ti' (P:0 D:0)
[2023.02.24-16.22.03:239][  0]LogWindows:    3. 'NVIDIA GeForce RTX 3070 Ti' (P:0 D:0)
[2023.02.24-16.22.03:239][  0]LogWindows: DebugString: FoundDriverCount:4 
[2023.02.24-16.22.03:239][  0]LogD3D11RHI:     Adapter Name: NVIDIA GeForce RTX 3070 Ti
[2023.02.24-16.22.03:239][  0]LogD3D11RHI:   Driver Version: 528.49 (internal:31.0.15.2849, unified:528.49)
[2023.02.24-16.22.03:239][  0]LogD3D11RHI:      Driver Date: 2-2-2023
[2023.02.24-16.22.03:239][  0]LogRHI: Texture pool is 5621 MB (70% of 8031 MB)
[2023.02.24-16.22.03:239][  0]LogD3D11RHI: Creating D3DDevice using adapter:
[2023.02.24-16.22.03:239][  0]LogD3D11RHI:     Description : NVIDIA GeForce RTX 3070 Ti
[2023.02.24-16.22.03:239][  0]LogD3D11RHI:     VendorId    : 10de
[2023.02.24-16.22.03:239][  0]LogD3D11RHI:     DeviceId    : 2482
[2023.02.24-16.22.03:239][  0]LogD3D11RHI:     SubSysId    : 50521462
[2023.02.24-16.22.03:239][  0]LogD3D11RHI:     Revision    : 00a1
[2023.02.24-16.22.03:239][  0]LogD3D11RHI:     DedicatedVideoMemory : 8421113856 bytes
[2023.02.24-16.22.03:239][  0]LogD3D11RHI:     DedicatedSystemMemory : 0 bytes
[2023.02.24-16.22.03:239][  0]LogD3D11RHI:     SharedSystemMemory : 8541257728 bytes
[2023.02.24-16.22.03:239][  0]LogD3D11RHI:     AdapterLuid : 0 70074
[2023.02.24-16.22.03:295][  0]LogD3D11RHI: RHI has support for 64 bit atomics
[2023.02.24-16.22.03:295][  0]LogD3D11RHI: Async texture creation enabled
[2023.02.24-16.22.03:295][  0]LogD3D11RHI: Array index from any shader is supported
[2023.02.24-16.22.03:295][  0]LogD3D11RHI: HDR output is supported on display 0 (NvId: 0x80061082).
[2023.02.24-16.22.03:311][  0]LogD3D11RHI: GPU Timing Frequency: 1000.000000 (Debug: 2 1)
[2023.02.24-16.22.03:336][  0]LogRHI: GeForceNow SDK initialized: 1
[2023.02.24-16.22.03:547][  0]LogTargetPlatformManager: Display: Loaded TargetPlatform 'WindowsNoEditor'
[2023.02.24-16.22.03:550][  0]LogTargetPlatformManager: Display: Loaded TargetPlatform 'Windows'
[2023.02.24-16.22.03:553][  0]LogTargetPlatformManager: Display: Loaded TargetPlatform 'WindowsClient'
[2023.02.24-16.22.03:556][  0]LogTargetPlatformManager: Display: Loaded TargetPlatform 'WindowsServer'
[2023.02.24-16.22.03:556][  0]LogTargetPlatformManager: Display: Building Assets For Windows
[2023.02.24-16.22.03:562][  0]LogAudioDebug: Display: Lib vorbis DLL was dynamically loaded.
[2023.02.24-16.22.03:585][  0]LogTextureFormatOodle: Display: Oodle Texture 2.9.0 init RDO Off
[2023.02.24-16.22.03:608][  0]LogRendererCore: Ray tracing is disabled. Reason: r.RayTracing=0.
[2023.02.24-16.22.03:608][  0]LogShaderCompilers: Guid format shader working directory is -29 characters bigger than the processId version (../../../../../Unreal Engine Projects/Unreal-Engine-TP-Game/ThirdPersonGame/Intermediate/Shaders/WorkingDirectory/8580/).
[2023.02.24-16.22.03:608][  0]LogShaderCompilers: Cleaned the shader compiler working directory 'C:/Users/brand/AppData/Local/Temp/UnrealShaderWorkingDir/F13023314713E497EF6E29B39B4428ED/'.
[2023.02.24-16.22.03:608][  0]LogXGEController: Cannot use XGE Controller as Incredibuild is not installed on this machine.
[2023.02.24-16.22.03:608][  0]LogShaderCompilers: Cannot use XGE Shader Compiler as Incredibuild is not installed on this machine.
[2023.02.24-16.22.03:608][  0]LogShaderCompilers: Display: Using Local Shader Compiler.
[2023.02.24-16.22.04:153][  0]LogDerivedDataCache: Display: Max Cache Size: 512 MB
[2023.02.24-16.22.04:187][  0]LogDerivedDataCache: Loaded boot cache 0.03s 94MB C:/Users/brand/AppData/Local/UnrealEngine/4.27/DerivedDataCache/Boot.ddc.
[2023.02.24-16.22.04:187][  0]LogDerivedDataCache: Display: Loaded Boot cache: C:/Users/brand/AppData/Local/UnrealEngine/4.27/DerivedDataCache/Boot.ddc
[2023.02.24-16.22.04:187][  0]LogDerivedDataCache: FDerivedDataBackendGraph:  Pak pak cache file ../../../../../Unreal Engine Projects/Unreal-Engine-TP-Game/ThirdPersonGame/DerivedDataCache/DDC.ddp not found, will not use a pak cache.
[2023.02.24-16.22.04:187][  0]LogDerivedDataCache: Unable to find inner node Pak for hierarchical cache Hierarchy.
[2023.02.24-16.22.04:187][  0]LogDerivedDataCache: FDerivedDataBackendGraph:  CompressedPak pak cache file ../../../../../Unreal Engine Projects/Unreal-Engine-TP-Game/ThirdPersonGame/DerivedDataCache/Compressed.ddp not found, will not use a pak cache.
[2023.02.24-16.22.04:187][  0]LogDerivedDataCache: Unable to find inner node CompressedPak for hierarchical cache Hierarchy.
[2023.02.24-16.22.04:201][  0]LogDerivedDataCache: Display: Pak cache opened for reading ../../../Engine/DerivedDataCache/Compressed.ddp.
[2023.02.24-16.22.04:201][  0]LogDerivedDataCache: FDerivedDataBackendGraph:  EnterprisePak pak cache file ../../../Enterprise/DerivedDataCache/Compressed.ddp not found, will not use a pak cache.
[2023.02.24-16.22.04:201][  0]LogDerivedDataCache: Unable to find inner node EnterprisePak for hierarchical cache Hierarchy.
[2023.02.24-16.22.04:205][  0]LogDerivedDataCache: Speed tests for C:/Users/brand/AppData/Local/UnrealEngine/Common/DerivedDataCache took 0.00 seconds
[2023.02.24-16.22.04:205][  0]LogDerivedDataCache: Display: Performance to C:/Users/brand/AppData/Local/UnrealEngine/Common/DerivedDataCache: Latency=0.03ms. RandomReadSpeed=1332.89MBs, RandomWriteSpeed=288.43MBs. Assigned SpeedClass 'Local'
[2023.02.24-16.22.04:205][  0]LogDerivedDataCache: Using Local data cache path C:/Users/brand/AppData/Local/UnrealEngine/Common/DerivedDataCache: Writable
[2023.02.24-16.22.04:206][  0]LogDerivedDataCache: Shared data cache path not found in *engine.ini, will not use an Shared cache.
[2023.02.24-16.22.04:206][  0]LogDerivedDataCache: Unable to find inner node Shared for hierarchical cache Hierarchy.
[2023.02.24-16.22.04:229][  0]LogSlate: Using FreeType 2.10.0
[2023.02.24-16.22.04:230][  0]LogSlate: SlateFontServices - WITH_FREETYPE: 1, WITH_HARFBUZZ: 1
[2023.02.24-16.22.04:277][  0]LogInit: Using OS detected language (en-GB).
[2023.02.24-16.22.04:277][  0]LogInit: Using OS detected locale (en-GB).
[2023.02.24-16.22.04:277][  0]LogTextLocalizationManager: No localization for 'en-GB' exists, so 'en' will be used for the language.
[2023.02.24-16.22.04:277][  0]LogTextLocalizationManager: No localization for 'en-GB' exists, so 'en' will be used for the locale.
[2023.02.24-16.22.04:277][  0]LogSlate: FontCache flush requested. Reason: Culture for localization was changed
[2023.02.24-16.22.04:277][  0]LogSlate: FontCache flush requested. Reason: Culture for localization was changed
[2023.02.24-16.22.04:279][  0]LogTextLocalizationManager: Compacting localization data took   0.00ms
[2023.02.24-16.22.04:279][  0]LogAssetRegistry: FAssetRegistry took 0.0013 seconds to start up
[2023.02.24-16.22.04:391][  0]LogPackageLocalizationCache: Processed 27 localized package path(s) for 1 prioritized culture(s) in 0.001279 seconds
[2023.02.24-16.22.04:438][  0]LogInit: Selected Device Profile: [Windows]
[2023.02.24-16.22.04:438][  0]LogInit: Active device profile: [00000149A4EBBB00][000001499F7B4780 49] Windows
[2023.02.24-16.22.04:438][  0]LogInit: Profiles: [00000149A4EBBB00][000001499F7B4780 49] Windows, [00000149A4E6C600][000001499F7BC900 49] WindowsNoEditor, [00000149A4EB8600][00000149A108CA80 49] WindowsServer, [00000149A4E6F500][00000149A1090C00 49] WindowsClient, [00000149A4EBB400][00000149A1094D80 49] IOS, [00000149A4E6CF00][00000149A1098F00 49] iPadAir, [00000149A4EB8E00][00000149A109D080 49] iPadAir2, [00000149A4E30500][00000149A10A5340 49] IPadPro, [00000149A4E30600][00000149A10A1380 49] iPadAir3, [00000149A4EBAE00][00000149A10A9500 49] iPadAir4, [00000149A4E33800][00000149A10AD680 49] iPadMini2, [00000149A4EB9200][000001499F7B97C0 49] iPadMini3, [00000149A4E31600][00000149A10B1900 49] iPadMini4, [00000149A4EBA700][00000149A10B5A40 49] iPadMini5, [00000149A4E1FD00][00000149A10C0180 49] iPhone6, [00000149A4E1FE00][00000149A10BC1C0 49] iPodTouch6, [00000149A4E33200][00000149A10C8480 49] iPhone7, [00000149A4E33300][00000149A10C44C0 49] iPodTouch7, [00000149A4E1CB00][00000149A10CC640 49] iPhone5S, [00000149A4E32700][00000149A029E7C0 49] iPhone6Plus, [00000149A4E1EF00][00000149A02A2940 49] iPhone6S, [00000149A4E33E00][00000149A02A6AC0 49] iPhone6SPlus, [00000149A4E1D200][00000149A02AAC40 49] iPhone7Plus, [00000149A4E31000][00000149A02AEDC0 49] iPhoneSE, [00000149A4E1E800][00000149A02B2F40 49] iPhone8, [00000149A4E31700][00000149A02B70C0 49] iPhone8Plus, [00000149A4E1D900][00000149A02BB240 49] iPhoneX, [00000149A4E33B00][00000149A02BF3C0 49] iPhoneXS, [00000149A4E1FC00][00000149A02C3540 49] iPhoneXSMax, [00000149A4E31D00][00000149A02C76C0 49] iPhoneXR, [00000149A4E1C700][00000149A02CB840 49] iPhone11, [00000149A4E33700][00000149A10B9980 49] iPhone11Pro, [00000149A4E1CC00][00000149A02CFAC0 49] iPhone11ProMax, [00000149A4E32100][00000149A02D3C00 49] iPhoneSE2, [00000149A4E1ED00][00000149A02D61C0 49] iPhone12Mini, [00000149A4E30D00][00000149A02DE340 49] iPhone12, [00000149A4E1D300][00000149A02E24C0 49] iPhone12Pro, [00000149A4E30100][00000149A02E6640 49] iPhone12ProMax, [00000149A4E1C900][00000149A0B127C0 49] iPadPro105, [00000149A4E31E00][00000149A0B16940 49] iPadPro129, [00000149A4E1E500][00000149A0B1AAC0 49] iPadPro97, [00000149A4E30E00][00000149A0B1EC40 49] iPadPro2_129, [00000149A4E1CA00][00000149A0B22DC0 49] iPad5, [00000149A4E32800][00000149A0B26F40 49] iPad6, [00000149A4E1DB00][00000149A0B2B0C0 49] iPad7, [00000149A4E31B00][00000149A0B2F240 49] iPad8, [00000149A4E1C400][00000149A0B333C0 49] iPadPro11, [00000149A4E31300][00000149A0B37540 49] iPadPro2_11, [00000149A4E1D400][00000149A0B3B6C0 49] iPadPro3_129, [00000149A4E30C00][00000149A0B3F840 49] iPadPro4_129, [00000149A4E1E400][00000149A0B439C0 49] AppleTV, [00000149A4E30A00][00000149A02DBB00 49] AppleTV4K, [00000149A4E1F500][00000149A0B460C0 49] TVOS, [00000149A4E31400][00000149A0B4A200 49] Mac, [00000149A4E1E100][00000149A0B4E340 49] MacClient, [00000149A4E31200][00000149A0B564C0 49] MacNoEditor, [00000149A4E1E200][00000149A0B5A640 49] MacServer, [00000149A4E30400][00000149A0B5E7C0 49] Linux, [00000149A4E1C100][00000149A0B62940 49] LinuxAArch64, [00000149A4E31800][00000149A0B66AC0 49] LinuxNoEditor, [00000149A4E1F000][00000149A0B6AC40 49] LinuxAArch64NoEditor, [00000149A4E32400][00000149A0B6EDC0 49] LinuxClient, [00000149A4E1C300][00000149A0B72F40 49] LinuxAArch64Client, [00000149A4E31A00][00000149A0B770C0 49] LinuxServer, [00000149A4E1E900][00000149A0B7B240 49] LinuxAArch64Server, [00000149A4E32300][00000149A0B7F3C0 49] Android, [00000149A4EF8F00][00000149A0B83540 49] Android_Low, [00000149A4E6DC00][00000149A0B876C0 49] Android_Mid, [00000149A4EF8B00][00000149A0B8B840 49] Android_High, [00000149A4E6F600][00000149A0B8F9C0 49] Android_Default, [00000149A4EF9F00][00000149A0B93B40 49] Android_Adreno4xx, [00000149A4E6D600][00000149A0B96140 49] Android_Adreno5xx_Low, [00000149A4EF8700][00000149A0B52280 49] Android_Adreno5xx, [00000149A4E6E000][00000149A0B9A3C0 49] Android_Adreno6xx, [00000149A4EF9500][00000149A0B9E500 49] Android_Adreno6xx_Vulkan, [00000149A4E6E700][00000149A0BA6680 49] Android_Mali_T6xx, [00000149A4EF9800][00000149A0BAA800 49] Android_Mali_T7xx, [00000149A4E6E300][00000149A0BAE980 49] Android_Mali_T8xx, [00000149A4EFA200][00000149A0BB2B00 49] Android_Mali_G71, [00000149A4E6DF00][00000149A0BB6C80 49] Android_Mali_G72, [00000149A4EF9000][00000149A0BBAE00 49] Android_Mali_G72_Vulkan, [00000149A4E6C200][00000149A0BBEF80 49] Android_Mali_G76, [00000149A4EF9C00][00000149A0BC3100 49] Android_Mali_G76_Vulkan, [00000149A4E6C300][00000149A0BC7280 49] Android_Mali_G77, [00000149A4EFA900][00000149A0BCB400 49] Android_Mali_G77_Vulkan, [00000149A4E6E400][00000149A0BCF580 49] Android_Mali_G78, [00000149A4EF9100][00000149A0BD3700 49] Android_Mali_G78_Vulkan, [00000149A4E6F300][00000149A0BD7880 49] Android_Mali_G710, [00000149A4EF9700][00000149A0BDBA00 49] Android_Mali_G710_Vulkan, [00000149A4E6F000][00000149A0BDFB80 49] Android_Vulkan_SM5, [00000149A4EF8E00][00000149A0BE2180 49] Android_PowerVR_G6xxx, [00000149A4E6EB00][00000149A0BE6300 49] Android_PowerVR_GT7xxx, [00000149A4E1DC00][00000149A0BA2440 49] Android_PowerVR_GE8xxx, [00000149A4E6FF00][00000149A0BEA580 49] Android_PowerVR_GM9xxx, [00000149A4E1D800][00000149A0E806C0 49] Android_PowerVR_GM9xxx_Vulkan, [00000149A4E6E200][00000149A0E88840 49] Android_TegraK1, [00000149A4E1C500][00000149A0E8C9C0 49] Android_Unknown_Vulkan, [00000149A4E6EA00][00000149A0E90B40 49] Lumin, [00000149A4E1F100][00000149A0E94CC0 49] Lumin_Desktop, [00000149A4E6CC00][00000149A0E98E40 49] HoloLens, 
[2023.02.24-16.22.04:469][  0]LogMeshReduction: Using QuadricMeshReduction for automatic static mesh reduction
[2023.02.24-16.22.04:469][  0]LogMeshReduction: Using SimplygonMeshReduction for automatic skeletal mesh reduction
[2023.02.24-16.22.04:469][  0]LogMeshReduction: Using ProxyLODMeshReduction for automatic mesh merging
[2023.02.24-16.22.04:469][  0]LogMeshReduction: No distributed automatic mesh merging module available
[2023.02.24-16.22.04:469][  0]LogMeshMerging: No distributed automatic mesh merging module available
[2023.02.24-16.22.04:558][  0]LogNetVersion: ThirdPersonGame 1.0.0, NetCL: 17155196, EngineNetVer: 17, GameNetVer: 0 (Checksum: 2109734095)
[2023.02.24-16.22.04:723][  0]LogTexture: Default maximum texture size for cubemaps generated from long-lat sources has been changed from 512 to unlimited. In order to preserve old behaiour for '/Engine/MapTemplates/Sky/DaylightAmbientCubemap.DaylightAmbientCubemap', its maximum texture size has been explicitly set to 512.
[2023.02.24-16.22.04:759][  0]LogHMD: PokeAHoleMaterial loaded successfully
[2023.02.24-16.22.04:831][  0]LogMoviePlayer: Initializing movie player
[2023.02.24-16.22.04:904][  0]LogPython: Using Python 3.7.7
[2023.02.24-16.22.05:198][  0]LogNiagaraDebuggerClient: Niagara Debugger Client Initialized | Session: 3991E6544D36B2B407EE999DAF51DC5A | Instance: DF51335844549544C074F6933990611E (DESKTOP-I13HMQJ-8580).
[2023.02.24-16.22.05:212][  0]LogCollectionManager: Loaded 0 collections in 0.000601 seconds
[2023.02.24-16.22.05:214][  0]LogFileCache: Scanning file cache for directory 'D:/Unreal Engine Projects/Unreal-Engine-TP-Game/ThirdPersonGame/Saved/Collections/' took 0.00s
[2023.02.24-16.22.05:214][  0]LogFileCache: Scanning file cache for directory 'D:/Unreal Engine Projects/Unreal-Engine-TP-Game/ThirdPersonGame/Content/Developers/brand/Collections/' took 0.00s
[2023.02.24-16.22.05:215][  0]LogFileCache: Scanning file cache for directory 'D:/Unreal Engine Projects/Unreal-Engine-TP-Game/ThirdPersonGame/Content/Collections/' took 0.00s
[2023.02.24-16.22.05:215][  0]LogCollectionManager: Fixed up redirectors for 0 collections in 0.000001 seconds (updated 0 objects)
[2023.02.24-16.22.05:295][  0]LogTcpMessaging: Initializing TcpMessaging bridge
[2023.02.24-16.22.05:298][  0]LogUdpMessaging: Initializing bridge on interface 0.0.0.0:0 to multicast group 230.0.0.1:6666.
[2023.02.24-16.22.05:404][  0]LogOpenImageDenoise: OIDN starting up
[2023.02.24-16.22.05:430][  0]LogAndroidPermission: UAndroidPermissionCallbackProxy::GetInstance
[2023.02.24-16.22.05:445][  0]LogAudioCaptureCore: Display: No Audio Capture implementations found. Audio input will be silent.
[2023.02.24-16.22.05:445][  0]LogAudioCaptureCore: Display: No Audio Capture implementations found. Audio input will be silent.
[2023.02.24-16.22.05:485][  0]SourceControl: Source control is disabled
[2023.02.24-16.22.05:485][  0]SourceControl: Source control is disabled
[2023.02.24-16.22.05:487][  0]SourceControl: Source control is disabled
[2023.02.24-16.22.05:492][  0]LogUProjectInfo: Found projects:
[2023.02.24-16.22.05:509][  0]LogOcInput: OculusInput pre-init called
[2023.02.24-16.22.05:515][  0]LogUObjectArray: 22121 objects as part of root set at end of initial load.
[2023.02.24-16.22.05:515][  0]LogUObjectAllocator: 5975632 out of 0 bytes used by permanent object pool.
[2023.02.24-16.22.05:515][  0]LogUObjectArray: CloseDisregardForGC: 0/0 objects in disregard for GC pool
[2023.02.24-16.22.05:550][  0]LogEngine: Initializing Engine...
[2023.02.24-16.22.05:552][  0]LogHMD: Failed to enumerate extensions. Please check that you have a valid OpenXR runtime installed.
[2023.02.24-16.22.05:552][  0]LogHMD: Failed to initialize OpenVR with code 110
[2023.02.24-16.22.05:552][  0]LogMagicLeap: Warning: VR disabled because ZI is not enabled.  To enable, in the editor, Edit -> Project Settings -> Plugins -> Magic Leap Plugin -> Enable Zero Iteration
[2023.02.24-16.22.05:553][  0]LogStats: UGameplayTagsManager::InitializeManager -  0.000 s
[2023.02.24-16.22.05:617][  0]LogInit: Initializing FReadOnlyCVARCache
[2023.02.24-16.22.05:617][  0]LogAudio: Display: Initializing Audio Device Manager...
[2023.02.24-16.22.05:620][  0]LogAudio: Display: Loading Default Audio Settings Objects...
[2023.02.24-16.22.05:620][  0]LogAudio: Display: No default SoundConcurrencyObject specified (or failed to load).
[2023.02.24-16.22.05:621][  0]LogAudio: Display: Audio Device Manager Initialized
[2023.02.24-16.22.05:621][  0]LogAudio: Display: Creating Audio Device:                 Id: 1, Scope: Shared, Realtime: True
[2023.02.24-16.22.05:621][  0]LogAudioMixer: Display: Audio Mixer Platform Settings:
[2023.02.24-16.22.05:621][  0]LogAudioMixer: Display: 	Sample Rate:						  48000
[2023.02.24-16.22.05:621][  0]LogAudioMixer: Display: 	Callback Buffer Frame Size Requested: 1024
[2023.02.24-16.22.05:621][  0]LogAudioMixer: Display: 	Callback Buffer Frame Size To Use:	  1024
[2023.02.24-16.22.05:621][  0]LogAudioMixer: Display: 	Number of buffers to queue:			  2
[2023.02.24-16.22.05:621][  0]LogAudioMixer: Display: 	Max Channels (voices):				  32
[2023.02.24-16.22.05:621][  0]LogAudioMixer: Display: 	Number of Async Source Workers:		  0
[2023.02.24-16.22.05:621][  0]LogAudio: Display: AudioDevice MaxSources: 32
[2023.02.24-16.22.05:621][  0]LogAudio: Display: Audio Spatialization Plugin: None (built-in).
[2023.02.24-16.22.05:621][  0]LogAudio: Display: Audio Reverb Plugin: None (built-in).
[2023.02.24-16.22.05:621][  0]LogAudio: Display: Audio Occlusion Plugin: None (built-in).
[2023.02.24-16.22.05:621][  0]LogAudioMixer: Display: Initializing audio mixer.
[2023.02.24-16.22.05:630][  0]LogAudioMixer: Display: 0: FrontLeft
[2023.02.24-16.22.05:630][  0]LogAudioMixer: Display: 1: FrontRight
[2023.02.24-16.22.05:641][  0]LogAudioMixer: Display: Using Audio Device Headphones (4- Arctis Pro Wireless Game)
[2023.02.24-16.22.05:645][  0]LogAudioMixer: Display: Initializing Sound Submixes...
[2023.02.24-16.22.05:646][  0]LogAudioMixer: Display: Creating Master Submix 'MasterSubmixDefault'
[2023.02.24-16.22.05:647][  0]LogAudioMixer: Display: Creating Master Submix 'MasterReverbSubmixDefault'
[2023.02.24-16.22.05:647][  0]LogAudioMixer: Display: Creating Master Submix 'MasterEQSubmixDefault'
[2023.02.24-16.22.05:647][  0]LogAudioMixer: FMixerPlatformXAudio2::StartAudioStream() called
[2023.02.24-16.22.05:647][  0]LogAudioMixer: Display: Output buffers initialized: Frames=1024, Channels=2, Samples=2048
[2023.02.24-16.22.05:648][  0]LogAudioMixer: Display: Starting AudioMixerPlatformInterface::RunInternal()
[2023.02.24-16.22.05:648][  0]LogAudioMixer: Display: FMixerPlatformXAudio2::SubmitBuffer() called for the first time
[2023.02.24-16.22.05:648][  0]LogInit: FAudioDevice initialized.
[2023.02.24-16.22.05:649][  0]LogNetVersion: Set ProjectVersion to 1.0.0.0. Version Checksum will be recalculated on next use.
[2023.02.24-16.22.05:649][  0]LogInit: Texture streaming: Enabled
[2023.02.24-16.22.05:695][  0]LogAudio: Display: Audio Device (ID: 1) registered with world 'Untitled'.
[2023.02.24-16.22.05:695][  0]LogSlate: Updating window title bar state: overlay mode, drag disabled, window buttons hidden, title bar hidden
[2023.02.24-16.22.05:695][  0]LogInit: Display: Game Engine Initialized.
[2023.02.24-16.22.05:695][  0]LogNiagaraEditor: GEditor isn't valid! Particle reset commands will not work for Niagara components!
[2023.02.24-16.22.05:776][  0]LogInit: Display: Starting Game.
[2023.02.24-16.22.05:776][  0]LogNet: Browse: /Game/Blueprints_Maps/Maps/MainLevel?Name=Player
[2023.02.24-16.22.05:776][  0]LogLoad: LoadMap: /Game/Blueprints_Maps/Maps/MainLevel?Name=Player
[2023.02.24-16.22.05:776][  0]LogWorld: BeginTearingDown for /Temp/Untitled_0
[2023.02.24-16.22.05:777][  0]LogWorld: UWorld::CleanupWorld for Untitled, bSessionEnded=true, bCleanupResources=true
[2023.02.24-16.22.05:777][  0]LogSlate: InvalidateAllWidgets triggered.  All widgets were invalidated
[2023.02.24-16.22.05:779][  0]LogAudio: Display: Audio Device unregistered from world 'None'.
[2023.02.24-16.22.05:781][  0]LogUObjectHash: Compacting FUObjectHashTables data took   0.55ms
[2023.02.24-16.22.05:992][  0]LogAudio: Display: Audio Device (ID: 1) registered with world 'MainLevel'.
[2023.02.24-16.22.05:998][  0]LogAIModule: Creating AISystem for world MainLevel
[2023.02.24-16.22.05:999][  0]LogUObjectGlobals: Warning: Failed to load '/Game/ThirdPersonBP/Blueprints/ThirdPersonGameMode': Can't find file.
[2023.02.24-16.22.05:999][  0]LogUObjectGlobals: Warning: Failed to load '/Game/ThirdPersonBP/Blueprints/ThirdPersonGameMode': Can't find file.
[2023.02.24-16.22.05:999][  0]LogUObjectGlobals: Warning: Failed to find object 'Class /Game/ThirdPersonBP/Blueprints/ThirdPersonGameMode.ThirdPersonGameMode_C'
[2023.02.24-16.22.05:999][  0]LogLoad: Game class is 'GameModeBase'
[2023.02.24-16.22.06:005][  0]LogWorld: Bringing World /Game/Blueprints_Maps/Maps/MainLevel.MainLevel up for play (max tick rate 0) at 2023.02.24-16.22.06
[2023.02.24-16.22.06:005][  0]LogWorld: Bringing up level for play took: 0.006144
[2023.02.24-16.22.06:007][  0]LogLoad: Took 0.231618 seconds to LoadMap(/Game/Blueprints_Maps/Maps/MainLevel)
[2023.02.24-16.22.06:128][  0]LogSlate: Took 0.000204 seconds to synchronously load lazily loaded font '../../../Engine/Content/Slate/Fonts/Roboto-Regular.ttf' (155K)
[2023.02.24-16.22.06:183][  0]LogRenderer: Reallocating scene render targets to support 1280x720 Format 10 NumSamples 1 (Frame:1).
[2023.02.24-16.22.06:183][  0]LogInit: Display: Engine is initialized. Leaving FEngineLoop::Init()
[2023.02.24-16.22.06:183][  0]LogLoad: (Engine Initialization) Total time: 4.22 seconds
[2023.02.24-16.22.06:183][  0]LogLoad: (Engine Initialization) Total Blueprint compile time: 0.00 seconds
[2023.02.24-16.22.06:184][  0]LogContentStreaming: Texture pool size now 1000 MB
[2023.02.24-16.22.06:187][  0]LogSlate: InvalidateAllWidgets triggered.  All widgets were invalidated
[2023.02.24-16.22.06:204][  0]LogRenderer: Reallocating scene render targets to support 128x128 Format 10 NumSamples 1 (Frame:1).
[2023.02.24-16.22.06:221][  0]LogRenderer: Reallocating scene render targets to support 1280x720 Format 10 NumSamples 1 (Frame:2).
[2023.02.24-16.22.06:231][  1]LogSlate: Took 0.000217 seconds to synchronously load lazily loaded font '../../../Engine/Content/Slate/Fonts/Roboto-Regular.ttf' (155K)
[2023.02.24-16.22.11:667][282]LogSlate: Window 'ThirdPersonGame (64-bit Development PCD3D_SM5) ' being destroyed
[2023.02.24-16.22.11:667][282]LogWindowsTextInputMethodSystem: Display: IME system deactivated.
[2023.02.24-16.22.11:669][282]LogSlate: Updating window title bar state: overlay mode, drag disabled, window buttons hidden, title bar hidden
[2023.02.24-16.22.11:669][282]LogEngine: All Windows Closed
[2023.02.24-16.22.11:670][282]LogWindows: FPlatformMisc::RequestExit(0)
[2023.02.24-16.22.11:670][282]LogWindows: FPlatformMisc::RequestExitWithStatus(0, 0)
[2023.02.24-16.22.11:670][282]LogCore: Engine exit requested (reason: Win RequestExit)
[2023.02.24-16.22.11:670][283]LogCore: Engine exit requested (reason: EngineExit() was called; note: exit was already requested)
[2023.02.24-16.22.11:670][283]LogInit: Display: PreExit Game.
[2023.02.24-16.22.11:677][283]LogWorld: BeginTearingDown for /Game/Blueprints_Maps/Maps/MainLevel
[2023.02.24-16.22.11:677][283]LogWorld: UWorld::CleanupWorld for MainLevel, bSessionEnded=true, bCleanupResources=true
[2023.02.24-16.22.11:677][283]LogSlate: InvalidateAllWidgets triggered.  All widgets were invalidated
[2023.02.24-16.22.12:557][283]LogAudio: Display: Beginning Audio Device Manager Shutdown (Module: AudioMixerXAudio2)...
[2023.02.24-16.22.12:557][283]LogAudio: Display: Destroying 1 Remaining Audio Device(s)...
[2023.02.24-16.22.12:557][283]LogAudio: Display: Audio Device unregistered from world 'MainLevel'.
[2023.02.24-16.22.12:586][283]LogAudioMixer: FMixerPlatformXAudio2::StopAudioStream() called
[2023.02.24-16.22.12:586][283]LogAudioMixer: FMixerPlatformXAudio2::StopAudioStream() called
[2023.02.24-16.22.12:588][283]LogAudio: Display: Audio Device Manager Shutdown
[2023.02.24-16.22.12:590][283]LogExit: Preparing to exit.
[2023.02.24-16.22.13:308][283]LogSlate: Updating window title bar state: overlay mode, drag disabled, window buttons hidden, title bar hidden
[2023.02.24-16.22.13:310][283]LogUObjectHash: Compacting FUObjectHashTables data took   0.66ms
[2023.02.24-16.22.13:327][283]LogMoviePlayer: Shutting down movie player
[2023.02.24-16.22.13:504][283]LogDemo: Cleaned up 0 splitscreen connections with owner deletion
[2023.02.24-16.22.13:509][283]LogExit: Game engine shut down
[2023.02.24-16.22.13:537][283]LogExit: Object subsystem successfully closed.
[2023.02.24-16.22.13:547][283]LogShaderCompilers: Display: === FShaderJobCache stats ===
[2023.02.24-16.22.13:547][283]LogShaderCompilers: Display: Total job queries 0, among them cache hits 0 (0.00%)
[2023.02.24-16.22.13:547][283]LogShaderCompilers: Display: Tracking 0 distinct input hashes that result in 0 distinct outputs (0.00%)
[2023.02.24-16.22.13:547][283]LogShaderCompilers: Display: RAM used: 0.00 MB (0.00 GB) of 819.20 MB (0.80 GB) budget. Usage: 0.00%
[2023.02.24-16.22.13:547][283]LogShaderCompilers: Display: ================================================
[2023.02.24-16.22.13:557][283]LogShaderCompilers: Display: Shaders left to compile 0
[2023.02.24-16.22.13:562][283]LogModuleManager: Shutting down and abandoning module SequenceRecorderSections (560)
[2023.02.24-16.22.13:562][283]LogModuleManager: Shutting down and abandoning module SequenceRecorder (558)
[2023.02.24-16.22.13:562][283]LogModuleManager: Shutting down and abandoning module AutomationController (556)
[2023.02.24-16.22.13:562][283]LogModuleManager: Shutting down and abandoning module AutomationWorker (554)
[2023.02.24-16.22.13:562][283]LogModuleManager: Shutting down and abandoning module Voice (552)
[2023.02.24-16.22.13:562][283]LogModuleManager: Shutting down and abandoning module AIModule (550)
[2023.02.24-16.22.13:563][283]LogModuleManager: Shutting down and abandoning module GameplayDebugger (549)
[2023.02.24-16.22.13:563][283]LogModuleManager: Shutting down and abandoning module AITestSuite (547)
[2023.02.24-16.22.13:563][283]LogModuleManager: Shutting down and abandoning module NavigationSystem (545)
[2023.02.24-16.22.13:563][283]LogModuleManager: Shutting down and abandoning module AnimGraph (542)
[2023.02.24-16.22.13:563][283]LogModuleManager: Shutting down and abandoning module SteamVREditor (540)
[2023.02.24-16.22.13:563][283]LogModuleManager: Shutting down and abandoning module ToolMenus (539)
[2023.02.24-16.22.13:563][283]LogModuleManager: Shutting down and abandoning module OculusMR (536)
[2023.02.24-16.22.13:563][283]LogModuleManager: Shutting down and abandoning module TakeRecorderSources (534)
[2023.02.24-16.22.13:563][283]LogModuleManager: Shutting down and abandoning module TakeRecorder (533)
[2023.02.24-16.22.13:563][283]LogModuleManager: Shutting down and abandoning module TakeTrackRecorders (530)
[2023.02.24-16.22.13:563][283]LogModuleManager: Shutting down and abandoning module TakesCore (528)
[2023.02.24-16.22.13:563][283]LogModuleManager: Shutting down and abandoning module OpenXRInput (526)
[2023.02.24-16.22.13:563][283]LogModuleManager: Shutting down and abandoning module MagicLeapMediaCodecFactory (524)
[2023.02.24-16.22.13:563][283]LogModuleManager: Shutting down and abandoning module MagicLeapMediaFactory (522)
[2023.02.24-16.22.13:563][283]LogModuleManager: Shutting down and abandoning module WmfMediaFactory (520)
[2023.02.24-16.22.13:563][283]LogModuleManager: Shutting down and abandoning module WebMMediaFactory (518)
[2023.02.24-16.22.13:563][283]LogModuleManager: Shutting down and abandoning module WebMMedia (516)
[2023.02.24-16.22.13:563][283]LogModuleManager: Shutting down and abandoning module OpenExrWrapper (514)
[2023.02.24-16.22.13:563][283]LogModuleManager: Shutting down and abandoning module ImgMediaFactory (512)
[2023.02.24-16.22.13:563][283]LogModuleManager: Shutting down and abandoning module AvfMediaFactory (510)
[2023.02.24-16.22.13:563][283]LogModuleManager: Shutting down and abandoning module PlanarCut (508)
[2023.02.24-16.22.13:563][283]LogModuleManager: Shutting down and abandoning module CharacterAI (506)
[2023.02.24-16.22.13:563][283]LogModuleManager: Shutting down and abandoning module SessionServices (504)
[2023.02.24-16.22.13:563][283]LogModuleManager: Shutting down and abandoning module MovieSceneCapture (502)
[2023.02.24-16.22.13:563][283]LogModuleManager: Shutting down and abandoning module LiveCoding (500)
[2023.02.24-16.22.13:563][283]LogModuleManager: Shutting down and abandoning module LevelSequence (498)
[2023.02.24-16.22.13:563][283]LogModuleManager: Shutting down and abandoning module MovieSceneTracks (496)
[2023.02.24-16.22.13:563][283]LogModuleManager: Shutting down and abandoning module MovieScene (494)
[2023.02.24-16.22.13:563][283]LogModuleManager: Shutting down and abandoning module StreamingPauseRendering (492)
[2023.02.24-16.22.13:563][283]LogModuleManager: Shutting down and abandoning module PortalServices (490)
[2023.02.24-16.22.13:563][283]LogModuleManager: Shutting down and abandoning module PortalRpc (488)
[2023.02.24-16.22.13:563][283]LogModuleManager: Shutting down and abandoning module MessagingRpc (486)
[2023.02.24-16.22.13:563][283]LogModuleManager: Shutting down and abandoning module AudioMixerXAudio2 (484)
[2023.02.24-16.22.13:563][283]LogModuleManager: Shutting down and abandoning module AudioMixerCore (483)
[2023.02.24-16.22.13:563][283]LogModuleManager: Shutting down and abandoning module ImageWriteQueue (480)
[2023.02.24-16.22.13:565][283]LogModuleManager: Shutting down and abandoning module ProfilerService (478)
